<?xml version="1.0" encoding="UTF-8"?>
<testng-results ignored="0" total="7" passed="6" failed="1" skipped="0">
  <reporter-output>
  </reporter-output>
  <suite started-at="2023-09-01T20:06:55 IST" name="Default suite" finished-at="2023-09-01T20:08:55 IST" duration-ms="119371">
    <groups>
      <group name="cucumber">
        <method signature="AbstractTestNGCucumberTests.runScenario(io.cucumber.testng.PickleWrapper,io.cucumber.testng.FeatureWrapper)[pri:0, instance:OrangeHRM_Runner.Logging_runner@bccb269]" name="runScenario" class="io.cucumber.testng.AbstractTestNGCucumberTests"/>
      </group> <!-- cucumber -->
    </groups>
    <test started-at="2023-09-01T20:06:55 IST" name="Default test" finished-at="2023-09-01T20:08:55 IST" duration-ms="119371">
      <class name="OrangeHRM_Runner.Logging_runner">
        <test-method is-config="true" signature="setUpClass(org.testng.ITestContext)[pri:0, instance:OrangeHRM_Runner.Logging_runner@bccb269]" started-at="2023-09-01T20:06:55 IST" name="setUpClass" finished-at="2023-09-01T20:06:57 IST" duration-ms="1125" status="PASS">
          <params>
            <param index="0">
              <value>
                <![CDATA[org.testng.TestRunner@23afc725]]>
              </value>
            </param>
          </params>
          <reporter-output>
          </reporter-output>
        </test-method> <!-- setUpClass -->
        <test-method signature="runScenario(io.cucumber.testng.PickleWrapper,io.cucumber.testng.FeatureWrapper)[pri:0, instance:OrangeHRM_Runner.Logging_runner@bccb269]" started-at="2023-09-01T20:06:57 IST" name="runScenario" description="Runs Cucumber Scenarios" data-provider="scenarios" finished-at="2023-09-01T20:07:23 IST" duration-ms="26538" status="PASS">
          <params>
            <param index="0">
              <value>
                <![CDATA["Verify and Adding new language in textbox with valid data"]]>
              </value>
            </param>
            <param index="1">
              <value>
                <![CDATA["Adding new Language"]]>
              </value>
            </param>
          </params>
          <reporter-output>
          </reporter-output>
        </test-method> <!-- runScenario -->
        <test-method signature="runScenario(io.cucumber.testng.PickleWrapper,io.cucumber.testng.FeatureWrapper)[pri:0, instance:OrangeHRM_Runner.Logging_runner@bccb269]" started-at="2023-09-01T20:07:23 IST" name="runScenario" description="Runs Cucumber Scenarios" data-provider="scenarios" finished-at="2023-09-01T20:07:42 IST" duration-ms="18528" status="PASS">
          <params>
            <param index="0">
              <value>
                <![CDATA["verify HR module"]]>
              </value>
            </param>
            <param index="1">
              <value>
                <![CDATA["Adding new Language"]]>
              </value>
            </param>
          </params>
          <reporter-output>
          </reporter-output>
        </test-method> <!-- runScenario -->
        <test-method signature="runScenario(io.cucumber.testng.PickleWrapper,io.cucumber.testng.FeatureWrapper)[pri:0, instance:OrangeHRM_Runner.Logging_runner@bccb269]" started-at="2023-09-01T20:07:42 IST" name="runScenario" description="Runs Cucumber Scenarios" data-provider="scenarios" finished-at="2023-09-01T20:08:06 IST" duration-ms="24532" status="FAIL">
          <params>
            <param index="0">
              <value>
                <![CDATA["Verify and Edit Language and date with valid data"]]>
              </value>
            </param>
            <param index="1">
              <value>
                <![CDATA["Edit Language and Date"]]>
              </value>
            </param>
          </params>
          <exception class="org.openqa.selenium.NoSuchElementException">
            <message>
              <![CDATA[Unable to locate element: //div [text() = 'mm-dd-yyyy ( 08-30-2023 )']
For documentation on this error, please visit: https://www.selenium.dev/documentation/webdriver/troubleshooting/errors#no-such-element-exception
Build info: version: '4.11.0', revision: '040bc5406b'
System info: os.name: 'Windows 10', os.arch: 'amd64', os.version: '10.0', java.version: '17.0.8'
Driver info: org.openqa.selenium.firefox.FirefoxDriver
Command: [2f7723de-4086-4b57-add4-22a8f377ad01, findElement {using=xpath, value=//div [text() = 'mm-dd-yyyy ( 08-30-2023 )']}]
Capabilities {acceptInsecureCerts: true, browserName: firefox, browserVersion: 117.0, moz:accessibilityChecks: false, moz:buildID: 20230824132758, moz:debuggerAddress: 127.0.0.1:15718, moz:geckodriverVersion: 0.33.0, moz:headless: false, moz:platformVersion: 10.0, moz:processID: 19768, moz:profile: C:\Users\HP\AppData\Local\T..., moz:shutdownTimeout: 60000, moz:webdriverClick: true, moz:windowless: false, pageLoadStrategy: normal, platformName: windows, proxy: Proxy(), se:cdp: ws://127.0.0.1:15718/devtoo..., se:cdpVersion: 85.0, setWindowRect: true, strictFileInteractability: false, timeouts: {implicit: 0, pageLoad: 300000, script: 30000}, unhandledPromptBehavior: dismiss and notify}
Session ID: 2f7723de-4086-4b57-add4-22a8f377ad01]]>
            </message>
            <full-stacktrace>
              <![CDATA[org.openqa.selenium.NoSuchElementException: Unable to locate element: //div [text() = 'mm-dd-yyyy ( 08-30-2023 )']
For documentation on this error, please visit: https://www.selenium.dev/documentation/webdriver/troubleshooting/errors#no-such-element-exception
Build info: version: '4.11.0', revision: '040bc5406b'
System info: os.name: 'Windows 10', os.arch: 'amd64', os.version: '10.0', java.version: '17.0.8'
Driver info: org.openqa.selenium.firefox.FirefoxDriver
Command: [2f7723de-4086-4b57-add4-22a8f377ad01, findElement {using=xpath, value=//div [text() = 'mm-dd-yyyy ( 08-30-2023 )']}]
Capabilities {acceptInsecureCerts: true, browserName: firefox, browserVersion: 117.0, moz:accessibilityChecks: false, moz:buildID: 20230824132758, moz:debuggerAddress: 127.0.0.1:15718, moz:geckodriverVersion: 0.33.0, moz:headless: false, moz:platformVersion: 10.0, moz:processID: 19768, moz:profile: C:\Users\HP\AppData\Local\T..., moz:shutdownTimeout: 60000, moz:webdriverClick: true, moz:windowless: false, pageLoadStrategy: normal, platformName: windows, proxy: Proxy(), se:cdp: ws://127.0.0.1:15718/devtoo..., se:cdpVersion: 85.0, setWindowRect: true, strictFileInteractability: false, timeouts: {implicit: 0, pageLoad: 300000, script: 30000}, unhandledPromptBehavior: dismiss and notify}
Session ID: 2f7723de-4086-4b57-add4-22a8f377ad01
at java.base/jdk.internal.reflect.NativeConstructorAccessorImpl.newInstance0(Native Method)
at java.base/jdk.internal.reflect.NativeConstructorAccessorImpl.newInstance(NativeConstructorAccessorImpl.java:77)
at java.base/jdk.internal.reflect.DelegatingConstructorAccessorImpl.newInstance(DelegatingConstructorAccessorImpl.java:45)
at java.base/java.lang.reflect.Constructor.newInstanceWithCaller(Constructor.java:499)
at java.base/java.lang.reflect.Constructor.newInstance(Constructor.java:480)
at org.openqa.selenium.remote.codec.w3c.W3CHttpResponseCodec.createException(W3CHttpResponseCodec.java:200)
at org.openqa.selenium.remote.codec.w3c.W3CHttpResponseCodec.decode(W3CHttpResponseCodec.java:133)
at org.openqa.selenium.remote.codec.w3c.W3CHttpResponseCodec.decode(W3CHttpResponseCodec.java:52)
at org.openqa.selenium.remote.HttpCommandExecutor.execute(HttpCommandExecutor.java:191)
at org.openqa.selenium.remote.service.DriverCommandExecutor.invokeExecute(DriverCommandExecutor.java:196)
at org.openqa.selenium.remote.service.DriverCommandExecutor.execute(DriverCommandExecutor.java:171)
at org.openqa.selenium.remote.RemoteWebDriver.execute(RemoteWebDriver.java:518)
at org.openqa.selenium.remote.ElementLocation$ElementFinder$2.findElement(ElementLocation.java:165)
at org.openqa.selenium.remote.ElementLocation.findElement(ElementLocation.java:59)
at org.openqa.selenium.remote.RemoteWebDriver.findElement(RemoteWebDriver.java:355)
at org.openqa.selenium.remote.RemoteWebDriver.findElement(RemoteWebDriver.java:349)
at org.openqa.selenium.support.pagefactory.DefaultElementLocator.findElement(DefaultElementLocator.java:68)
at org.openqa.selenium.support.pagefactory.internal.LocatingElementHandler.invoke(LocatingElementHandler.java:38)
at jdk.proxy2/jdk.proxy2.$Proxy29.click(Unknown Source)
at POM.Edit_Language.DateFormat(Edit_Language.java:64)
at OrangeHRM.steps.Loging.selcte_date_format_dropdown_option(Loging.java:181)
at ✽.selcte Date Format dropdown Option(file:///C:/Users/HP/Desktop/automation%20eclip/OrangeHRM/src/main/java/EditLanguage_OrangeHRM.feature:14)
]]>
            </full-stacktrace>
          </exception> <!-- org.openqa.selenium.NoSuchElementException -->
          <reporter-output>
          </reporter-output>
        </test-method> <!-- runScenario -->
        <test-method signature="runScenario(io.cucumber.testng.PickleWrapper,io.cucumber.testng.FeatureWrapper)[pri:0, instance:OrangeHRM_Runner.Logging_runner@bccb269]" started-at="2023-09-01T20:08:06 IST" name="runScenario" description="Runs Cucumber Scenarios" data-provider="scenarios" finished-at="2023-09-01T20:08:19 IST" duration-ms="12434" status="PASS">
          <params>
            <param index="0">
              <value>
                <![CDATA["Verify user ID an Password with valid inputs"]]>
              </value>
            </param>
            <param index="1">
              <value>
                <![CDATA["Log in function"]]>
              </value>
            </param>
          </params>
          <reporter-output>
          </reporter-output>
        </test-method> <!-- runScenario -->
        <test-method signature="runScenario(io.cucumber.testng.PickleWrapper,io.cucumber.testng.FeatureWrapper)[pri:0, instance:OrangeHRM_Runner.Logging_runner@bccb269]" started-at="2023-09-01T20:08:19 IST" name="runScenario" description="Runs Cucumber Scenarios" data-provider="scenarios" finished-at="2023-09-01T20:08:31 IST" duration-ms="12392" status="PASS">
          <params>
            <param index="0">
              <value>
                <![CDATA["Verify user ID an Password with Invalid password"]]>
              </value>
            </param>
            <param index="1">
              <value>
                <![CDATA["Log in function"]]>
              </value>
            </param>
          </params>
          <reporter-output>
          </reporter-output>
        </test-method> <!-- runScenario -->
        <test-method signature="runScenario(io.cucumber.testng.PickleWrapper,io.cucumber.testng.FeatureWrapper)[pri:0, instance:OrangeHRM_Runner.Logging_runner@bccb269]" started-at="2023-09-01T20:08:31 IST" name="runScenario" description="Runs Cucumber Scenarios" data-provider="scenarios" finished-at="2023-09-01T20:08:43 IST" duration-ms="12481" status="PASS">
          <params>
            <param index="0">
              <value>
                <![CDATA["Verify user ID an Password with Invalid username"]]>
              </value>
            </param>
            <param index="1">
              <value>
                <![CDATA["Log in function"]]>
              </value>
            </param>
          </params>
          <reporter-output>
          </reporter-output>
        </test-method> <!-- runScenario -->
        <test-method signature="runScenario(io.cucumber.testng.PickleWrapper,io.cucumber.testng.FeatureWrapper)[pri:0, instance:OrangeHRM_Runner.Logging_runner@bccb269]" started-at="2023-09-01T20:08:43 IST" name="runScenario" description="Runs Cucumber Scenarios" data-provider="scenarios" finished-at="2023-09-01T20:08:55 IST" duration-ms="11104" status="PASS">
          <params>
            <param index="0">
              <value>
                <![CDATA["verify Forgot Password button is working or not"]]>
              </value>
            </param>
            <param index="1">
              <value>
                <![CDATA["Log in function"]]>
              </value>
            </param>
          </params>
          <reporter-output>
          </reporter-output>
        </test-method> <!-- runScenario -->
        <test-method is-config="true" signature="tearDownClass()[pri:0, instance:OrangeHRM_Runner.Logging_runner@bccb269]" started-at="2023-09-01T20:08:55 IST" name="tearDownClass" finished-at="2023-09-01T20:08:55 IST" duration-ms="88" status="PASS">
          <reporter-output>
          </reporter-output>
        </test-method> <!-- tearDownClass -->
      </class> <!-- OrangeHRM_Runner.Logging_runner -->
    </test> <!-- Default test -->
  </suite> <!-- Default suite -->
</testng-results>
